android-app/app/build/intermediates/manifest_merge_blame_file/debug/processDebugMainManifest/manifest-merger-blame-debug-report.txt
1<?xml version="1.0" encoding="utf-8"?>
2<manifest xmlns:android="http://schemas.android.com/apk/res/android"
3    package="com.example.myapplication"
4    android:versionCode="1"
5    android:versionName="1.0" >
6
7    <uses-sdk
8        android:minSdkVersion="24"
9        android:targetSdkVersion="35" />
10
11    <uses-permission android:name="android.permission.INTERNET" />
11-->src/main/AndroidManifest.xml:4:5-67
11-->src/main/AndroidManifest.xml:4:22-64
12
13    <permission
13-->[androidx.core:core:1.10.1] AndroidManifest.xml:22:5-24:47
14        android:name="com.example.myapplication.DYNAMIC_RECEIVER_NOT_EXPORTED_PERMISSION"
14-->[androidx.core:core:1.10.1] AndroidManifest.xml:23:9-81
15        android:protectionLevel="signature" />
15-->[androidx.core:core:1.10.1] AndroidManifest.xml:24:9-44
16
17    <uses-permission android:name="com.example.myapplication.DYNAMIC_RECEIVER_NOT_EXPORTED_PERMISSION" />
17-->[androidx.core:core:1.10.1] AndroidManifest.xml:26:5-97
17-->[androidx.core:core:1.10.1] AndroidManifest.xml:26:22-94
18
19    <application
19-->src/main/AndroidManifest.xml:6:5-65:19
20        android:allowBackup="true"
20-->src/main/AndroidManifest.xml:7:9-35
21        android:appComponentFactory="androidx.core.app.CoreComponentFactory"
21-->[androidx.core:core:1.10.1] AndroidManifest.xml:28:18-86
22        android:dataExtractionRules="@xml/data_extraction_rules"
22-->src/main/AndroidManifest.xml:8:9-65
23        android:debuggable="true"
24        android:extractNativeLibs="false"
25        android:fullBackupContent="@xml/backup_rules"
25-->src/main/AndroidManifest.xml:9:9-54
26        android:icon="@drawable/school_logo"
26-->src/main/AndroidManifest.xml:10:9-45
27        android:label="@string/app_name"
27-->src/main/AndroidManifest.xml:11:9-41
28        android:roundIcon="@drawable/school_logo"
28-->src/main/AndroidManifest.xml:12:9-50
29        android:supportsRtl="true"
29-->src/main/AndroidManifest.xml:13:9-35
30        android:testOnly="true"
31        android:theme="@style/Theme.MyApplication"
31-->src/main/AndroidManifest.xml:14:9-51
32        android:usesCleartextTraffic="true" >
32-->src/main/AndroidManifest.xml:15:9-44
33        <activity
33-->src/main/AndroidManifest.xml:16:9-18:40
34            android:name="com.example.myapplication.AdmissionsActivity"
34-->src/main/AndroidManifest.xml:17:13-47
35            android:exported="false" />
35-->src/main/AndroidManifest.xml:18:13-37
36        <activity
36-->src/main/AndroidManifest.xml:20:9-84
37            android:name="com.example.myapplication.SchoolProfileActivity"
37-->src/main/AndroidManifest.xml:20:19-56
38            android:exported="false" />
38-->src/main/AndroidManifest.xml:20:57-81
39        <activity
39-->src/main/AndroidManifest.xml:21:9-80
40            android:name="com.example.myapplication.VideoBlogActivity"
40-->src/main/AndroidManifest.xml:21:19-52
41            android:exported="false" />
41-->src/main/AndroidManifest.xml:21:53-77
42        <activity
42-->src/main/AndroidManifest.xml:22:9-82
43            android:name="com.example.myapplication.PopupBannerActivity"
43-->src/main/AndroidManifest.xml:22:19-54
44            android:exported="false" />
44-->src/main/AndroidManifest.xml:22:55-79
45        <activity
45-->src/main/AndroidManifest.xml:23:9-81
46            android:name="com.example.myapplication.HighlightsActivity"
46-->src/main/AndroidManifest.xml:23:19-53
47            android:exported="false" />
47-->src/main/AndroidManifest.xml:23:54-78
48        <activity
48-->src/main/AndroidManifest.xml:24:9-77
49            android:name="com.example.myapplication.EventsActivity"
49-->src/main/AndroidManifest.xml:24:19-49
50            android:exported="false" />
50-->src/main/AndroidManifest.xml:24:50-74
51        <activity
51-->src/main/AndroidManifest.xml:25:9-78
52            android:name="com.example.myapplication.FacultyActivity"
52-->src/main/AndroidManifest.xml:25:19-50
53            android:exported="false" />
53-->src/main/AndroidManifest.xml:25:51-75
54        <activity
54-->src/main/AndroidManifest.xml:26:9-84
55            android:name="com.example.myapplication.PrincipalDeskActivity"
55-->src/main/AndroidManifest.xml:26:19-56
56            android:exported="false" />
56-->src/main/AndroidManifest.xml:26:57-81
57        <activity
57-->src/main/AndroidManifest.xml:27:9-77
58            android:name="com.example.myapplication.AlumniActivity"
58-->src/main/AndroidManifest.xml:27:19-49
59            android:exported="false" />
59-->src/main/AndroidManifest.xml:27:50-74
60        <activity
60-->src/main/AndroidManifest.xml:28:9-82
61            android:name="com.example.myapplication.SocialMediaActivity"
61-->src/main/AndroidManifest.xml:28:19-54
62            android:exported="false" />
62-->src/main/AndroidManifest.xml:28:55-79
63        <activity
63-->src/main/AndroidManifest.xml:29:9-80
64            android:name="com.example.myapplication.HomeStatsActivity"
64-->src/main/AndroidManifest.xml:29:19-52
65            android:exported="false" />
65-->src/main/AndroidManifest.xml:29:53-77
66        <activity
66-->src/main/AndroidManifest.xml:30:9-80
67            android:name="com.example.myapplication.AboutPageActivity"
67-->src/main/AndroidManifest.xml:30:19-52
68            android:exported="false" />
68-->src/main/AndroidManifest.xml:30:53-77
69        <activity
69-->src/main/AndroidManifest.xml:32:9-34:40
70            android:name="com.example.myapplication.DashboardActivity"
70-->src/main/AndroidManifest.xml:33:13-46
71            android:exported="false" />
71-->src/main/AndroidManifest.xml:34:13-37
72        <activity
72-->src/main/AndroidManifest.xml:36:9-38:40
73            android:name="com.example.myapplication.StudentsActivity"
73-->src/main/AndroidManifest.xml:37:13-45
74            android:exported="false" />
74-->src/main/AndroidManifest.xml:38:13-37
75        <activity
75-->src/main/AndroidManifest.xml:40:9-42:40
76            android:name="com.example.myapplication.InquiriesActivity"
76-->src/main/AndroidManifest.xml:41:13-46
77            android:exported="false" />
77-->src/main/AndroidManifest.xml:42:13-37
78        <activity
78-->src/main/AndroidManifest.xml:44:9-46:40
79            android:name="com.example.myapplication.CareersActivity"
79-->src/main/AndroidManifest.xml:45:13-44
80            android:exported="false" />
80-->src/main/AndroidManifest.xml:46:13-37
81        <activity
81-->src/main/AndroidManifest.xml:48:9-50:40
82            android:name="com.example.myapplication.NoticesActivity"
82-->src/main/AndroidManifest.xml:49:13-44
83            android:exported="false" />
83-->src/main/AndroidManifest.xml:50:13-37
84        <activity
84-->src/main/AndroidManifest.xml:52:9-54:40
85            android:name="com.example.myapplication.GalleryActivity"
85-->src/main/AndroidManifest.xml:53:13-44
86            android:exported="false" />
86-->src/main/AndroidManifest.xml:54:13-37
87        <activity
87-->src/main/AndroidManifest.xml:56:9-64:20
88            android:name="com.example.myapplication.MainActivity"
88-->src/main/AndroidManifest.xml:57:13-41
89            android:exported="true" >
89-->src/main/AndroidManifest.xml:58:13-36
90            <intent-filter>
90-->src/main/AndroidManifest.xml:59:13-63:29
91                <action android:name="android.intent.action.MAIN" />
91-->src/main/AndroidManifest.xml:60:17-69
91-->src/main/AndroidManifest.xml:60:25-66
92
93                <category android:name="android.intent.category.LAUNCHER" />
93-->src/main/AndroidManifest.xml:62:17-77
93-->src/main/AndroidManifest.xml:62:27-74
94            </intent-filter>
95        </activity>
96
97        <provider
97-->[androidx.emoji2:emoji2:1.2.0] AndroidManifest.xml:24:9-32:20
98            android:name="androidx.startup.InitializationProvider"
98-->[androidx.emoji2:emoji2:1.2.0] AndroidManifest.xml:25:13-67
99            android:authorities="com.example.myapplication.androidx-startup"
99-->[androidx.emoji2:emoji2:1.2.0] AndroidManifest.xml:26:13-68
100            android:exported="false" >
100-->[androidx.emoji2:emoji2:1.2.0] AndroidManifest.xml:27:13-37
101            <meta-data
101-->[androidx.emoji2:emoji2:1.2.0] AndroidManifest.xml:29:13-31:52
102                android:name="androidx.emoji2.text.EmojiCompatInitializer"
102-->[androidx.emoji2:emoji2:1.2.0] AndroidManifest.xml:30:17-75
103                android:value="androidx.startup" />
103-->[androidx.emoji2:emoji2:1.2.0] AndroidManifest.xml:31:17-49
104            <meta-data
104-->[androidx.lifecycle:lifecycle-process:2.6.1] AndroidManifest.xml:29:13-31:52
105                android:name="androidx.lifecycle.ProcessLifecycleInitializer"
105-->[androidx.lifecycle:lifecycle-process:2.6.1] AndroidManifest.xml:30:17-78
106                android:value="androidx.startup" />
106-->[androidx.lifecycle:lifecycle-process:2.6.1] AndroidManifest.xml:31:17-49
107            <meta-data
107-->[androidx.profileinstaller:profileinstaller:1.3.0] AndroidManifest.xml:29:13-31:52
108                android:name="androidx.profileinstaller.ProfileInstallerInitializer"
108-->[androidx.profileinstaller:profileinstaller:1.3.0] AndroidManifest.xml:30:17-85
109                android:value="androidx.startup" />
109-->[androidx.profileinstaller:profileinstaller:1.3.0] AndroidManifest.xml:31:17-49
110        </provider>
111
112        <receiver
112-->[androidx.profileinstaller:profileinstaller:1.3.0] AndroidManifest.xml:34:9-52:20
113            android:name="androidx.profileinstaller.ProfileInstallReceiver"
113-->[androidx.profileinstaller:profileinstaller:1.3.0] AndroidManifest.xml:35:13-76
114            android:directBootAware="false"
114-->[androidx.profileinstaller:profileinstaller:1.3.0] AndroidManifest.xml:36:13-44
115            android:enabled="true"
115-->[androidx.profileinstaller:profileinstaller:1.3.0] AndroidManifest.xml:37:13-35
116            android:exported="true"
116-->[androidx.profileinstaller:profileinstaller:1.3.0] AndroidManifest.xml:38:13-36
117            android:permission="android.permission.DUMP" >
117-->[androidx.profileinstaller:profileinstaller:1.3.0] AndroidManifest.xml:39:13-57
118            <intent-filter>
118-->[androidx.profileinstaller:profileinstaller:1.3.0] AndroidManifest.xml:40:13-42:29
119                <action android:name="androidx.profileinstaller.action.INSTALL_PROFILE" />
119-->[androidx.profileinstaller:profileinstaller:1.3.0] AndroidManifest.xml:41:17-91
119-->[androidx.profileinstaller:profileinstaller:1.3.0] AndroidManifest.xml:41:25-88
120            </intent-filter>
121            <intent-filter>
121-->[androidx.profileinstaller:profileinstaller:1.3.0] AndroidManifest.xml:43:13-45:29
122                <action android:name="androidx.profileinstaller.action.SKIP_FILE" />
122-->[androidx.profileinstaller:profileinstaller:1.3.0] AndroidManifest.xml:44:17-85
122-->[androidx.profileinstaller:profileinstaller:1.3.0] AndroidManifest.xml:44:25-82
123            </intent-filter>
124            <intent-filter>
124-->[androidx.profileinstaller:profileinstaller:1.3.0] AndroidManifest.xml:46:13-48:29
125                <action android:name="androidx.profileinstaller.action.SAVE_PROFILE" />
125-->[androidx.profileinstaller:profileinstaller:1.3.0] AndroidManifest.xml:47:17-88
125-->[androidx.profileinstaller:profileinstaller:1.3.0] AndroidManifest.xml:47:25-85
126            </intent-filter>
127            <intent-filter>
127-->[androidx.profileinstaller:profileinstaller:1.3.0] AndroidManifest.xml:49:13-51:29
128                <action android:name="androidx.profileinstaller.action.BENCHMARK_OPERATION" />
128-->[androidx.profileinstaller:profileinstaller:1.3.0] AndroidManifest.xml:50:17-95
128-->[androidx.profileinstaller:profileinstaller:1.3.0] AndroidManifest.xml:50:25-92
129            </intent-filter>
130        </receiver>
131    </application>
132
133</manifest>